<?xml version="1.0" encoding="UTF-8"?>
<!-- Generated by org.testng.reporters.JUnitXMLReporter -->
<testsuite ignored="2" hostname="VNNOT01519" failures="1" tests="3" name="Customer Test with Chrome browser" time="66.878" errors="0" timestamp="2025-07-03T16:03:00 ICT">
  <testcase classname="testcases.CustomerTest" name="verifyCreateUpdateDeleteCustomerSuccess" time="29.406"/>
  <testcase classname="testcases.ProjectTest" name="verifyProjectOfCustomer" time="18.595"/>
  <testcase classname="testcases.TaskTest" name="verifyTask" time="12.938">
    <failure type="org.openqa.selenium.StaleElementReferenceException" message="stale element reference: stale element not found in the current frame
  (Session info: chrome=137.0.7151.122)
For documentation on this error, please visit: https://www.selenium.dev/documentation/webdriver/troubleshooting/errors#stale-element-reference-exception
Build info: version: &amp;apos;4.33.0&amp;apos;, revision: &amp;apos;2c6aaad03a&amp;apos;
System info: os.name: &amp;apos;Windows 11&amp;apos;, os.arch: &amp;apos;amd64&amp;apos;, os.version: &amp;apos;10.0&amp;apos;, java.version: &amp;apos;21.0.6&amp;apos;
Driver info: org.openqa.selenium.chrome.ChromeDriver
Command: [ec9dd9ce2af80950e224d164f7026a28, clickElement {id=f.EAA7495EF9035A07A27D8002CC7AD6DC.d.CB31FA3B9C3ECFC110814878AD5A92CC.e.470}]
Capabilities {acceptInsecureCerts: true, browserName: chrome, browserVersion: 137.0.7151.122, chrome: {chromedriverVersion: 137.0.7151.119 (e0ac9d12dff..., userDataDir: C:\Users\BINDAN~1\AppData\L...}, fedcm:accounts: true, goog:chromeOptions: {debuggerAddress: localhost:62361}, networkConnectionEnabled: false, pageLoadStrategy: normal, platformName: windows, proxy: Proxy(), se:cdp: ws://localhost:62361/devtoo..., se:cdpVersion: 137.0.7151.122, setWindowRect: true, strictFileInteractability: false, timeouts: {implicit: 0, pageLoad: 300000, script: 30000}, unhandledPromptBehavior: dismiss and notify, webauthn:extension:credBlob: true, webauthn:extension:largeBlob: true, webauthn:extension:minPinLength: true, webauthn:extension:prf: true, webauthn:virtualAuthenticators: true}
Element: [[ChromeDriver: chrome on windows (ec9dd9ce2af80950e224d164f7026a28)] -&amp;gt; xpath: //a[normalize-space()=&amp;apos;Delete&amp;apos;]]
Session ID: ec9dd9ce2af80950e224d164f7026a28">
      <![CDATA[org.openqa.selenium.StaleElementReferenceException: stale element reference: stale element not found in the current frame
  (Session info: chrome=137.0.7151.122)
For documentation on this error, please visit: https://www.selenium.dev/documentation/webdriver/troubleshooting/errors#stale-element-reference-exception
Build info: version: '4.33.0', revision: '2c6aaad03a'
System info: os.name: 'Windows 11', os.arch: 'amd64', os.version: '10.0', java.version: '21.0.6'
Driver info: org.openqa.selenium.chrome.ChromeDriver
Command: [ec9dd9ce2af80950e224d164f7026a28, clickElement {id=f.EAA7495EF9035A07A27D8002CC7AD6DC.d.CB31FA3B9C3ECFC110814878AD5A92CC.e.470}]
Capabilities {acceptInsecureCerts: true, browserName: chrome, browserVersion: 137.0.7151.122, chrome: {chromedriverVersion: 137.0.7151.119 (e0ac9d12dff..., userDataDir: C:\Users\BINDAN~1\AppData\L...}, fedcm:accounts: true, goog:chromeOptions: {debuggerAddress: localhost:62361}, networkConnectionEnabled: false, pageLoadStrategy: normal, platformName: windows, proxy: Proxy(), se:cdp: ws://localhost:62361/devtoo..., se:cdpVersion: 137.0.7151.122, setWindowRect: true, strictFileInteractability: false, timeouts: {implicit: 0, pageLoad: 300000, script: 30000}, unhandledPromptBehavior: dismiss and notify, webauthn:extension:credBlob: true, webauthn:extension:largeBlob: true, webauthn:extension:minPinLength: true, webauthn:extension:prf: true, webauthn:virtualAuthenticators: true}
Element: [[ChromeDriver: chrome on windows (ec9dd9ce2af80950e224d164f7026a28)] -> xpath: //a[normalize-space()='Delete']]
Session ID: ec9dd9ce2af80950e224d164f7026a28
at org.openqa.selenium.remote.ErrorCodec.decode(ErrorCodec.java:167)
at org.openqa.selenium.remote.codec.w3c.W3CHttpResponseCodec.decode(W3CHttpResponseCodec.java:138)
at org.openqa.selenium.remote.codec.w3c.W3CHttpResponseCodec.decode(W3CHttpResponseCodec.java:50)
at org.openqa.selenium.remote.HttpCommandExecutor.execute(HttpCommandExecutor.java:215)
at org.openqa.selenium.remote.service.DriverCommandExecutor.invokeExecute(DriverCommandExecutor.java:216)
at org.openqa.selenium.remote.service.DriverCommandExecutor.execute(DriverCommandExecutor.java:174)
at org.openqa.selenium.remote.RemoteWebDriver.execute(RemoteWebDriver.java:544)
at org.openqa.selenium.remote.RemoteWebElement.execute(RemoteWebElement.java:223)
at org.openqa.selenium.remote.RemoteWebElement.click(RemoteWebElement.java:76)
at keywords.WebUI.clickElement(WebUI.java:217)
at pages.TaskPage.searchAndDeleteTask(TaskPage.java:246)
at testcases.TaskTest.verifyTask(TaskTest.java:63)
at java.base/java.util.ArrayList.forEach(ArrayList.java:1596)
... Removed 28 stack frames]]>
    </failure>
  </testcase> <!-- verifyTask -->
  <testcase classname="common.BaseTest" name="@BeforeSuite setupEnvironment" time="0.0">
    <ignored/>
  </testcase> <!-- @BeforeSuite setupEnvironment -->
  <testcase classname="common.BaseTest" name="@BeforeSuite setupEnvironment" time="0.0">
    <ignored/>
  </testcase> <!-- @BeforeSuite setupEnvironment -->
</testsuite> <!-- Customer Test with Chrome browser -->
