<?xml version="1.0" encoding="UTF-8"?>
<!-- Generated by org.testng.reporters.JUnitXMLReporter -->
<testsuite ignored="5" hostname="VNNOT01519" failures="0" tests="1" name="Login Test with Parameters" time="0.413" errors="0" timestamp="2025-06-18T11:17:30 GMT+07:00">
  <testcase classname="com.anhtester.Bai10_Annotations.BaseTest" name="@BeforeMethod createDriver" time="0.342">
    <failure type="org.openqa.selenium.remote.NoSuchDriverException" message="Unable to obtain: safaridriver, error Command failed with code: 65, executed: [--browser, safari, --language-binding, java, --output, json]
safaridriver not available for download
Build info: version: &amp;apos;4.20.0&amp;apos;, revision: &amp;apos;866c76ca80&amp;apos;
System info: os.name: &amp;apos;Windows 11&amp;apos;, os.arch: &amp;apos;amd64&amp;apos;, os.version: &amp;apos;10.0&amp;apos;, java.version: &amp;apos;23.0.2&amp;apos;
Driver info: driver.version: SafariDriver">
      <![CDATA[org.openqa.selenium.remote.NoSuchDriverException: Unable to obtain: safaridriver, error Command failed with code: 65, executed: [--browser, safari, --language-binding, java, --output, json]
safaridriver not available for download
Build info: version: '4.20.0', revision: '866c76ca80'
System info: os.name: 'Windows 11', os.arch: 'amd64', os.version: '10.0', java.version: '23.0.2'
Driver info: driver.version: SafariDriver
at org.openqa.selenium.remote.service.DriverFinder.getBinaryPaths(DriverFinder.java:121)
at org.openqa.selenium.remote.service.DriverFinder.getDriverPath(DriverFinder.java:55)
at org.openqa.selenium.safari.SafariDriver.generateExecutor(SafariDriver.java:95)
at org.openqa.selenium.safari.SafariDriver.<init>(SafariDriver.java:84)
at org.openqa.selenium.safari.SafariDriver.<init>(SafariDriver.java:80)
at org.openqa.selenium.safari.SafariDriver.<init>(SafariDriver.java:57)
at org.openqa.selenium.safari.SafariDriver.<init>(SafariDriver.java:48)
at com.anhtester.Bai10_Annotations.BaseTest.createDriver(BaseTest.java:43)
at java.base/java.util.ArrayList.forEach(ArrayList.java:1597)
Caused by: org.openqa.selenium.WebDriverException: Command failed with code: 65, executed: [--browser, safari, --language-binding, java, --output, json]
safaridriver not available for download
Build info: version: '4.20.0', revision: '866c76ca80'
System info: os.name: 'Windows 11', os.arch: 'amd64', os.version: '10.0', java.version: '23.0.2'
Driver info: driver.version: SafariDriver
at org.openqa.selenium.manager.SeleniumManager.runCommand(SeleniumManager.java:153)
at org.openqa.selenium.manager.SeleniumManager.getBinaryPaths(SeleniumManager.java:228)
at org.openqa.selenium.remote.service.DriverFinder.getBinaryPaths(DriverFinder.java:102)
... 37 more
... Removed 29 stack frames]]>
    </failure>
  </testcase> <!-- @BeforeMethod createDriver -->
  <testcase classname="com.anhtester.Bai10_Annotations.BaseTest" name="@AfterMethod closeDriver" time="0.0">
    <skipped/>
  </testcase> <!-- @AfterMethod closeDriver -->
  <testcase classname="com.anhtester.Bai22_23_HamChung_WebUI_testcases.LoginTest" name="loginSuccess" time="0.0">
    <skipped/>
  </testcase> <!-- loginSuccess -->
  <testcase classname="com.anhtester.Bai22_23_HamChung_WebUI_testcases.LoginTest" name="loginFailWithEmailNull" time="0.0">
    <ignored/>
  </testcase> <!-- loginFailWithEmailNull -->
  <testcase classname="com.anhtester.Bai22_23_HamChung_WebUI_testcases.LoginTest" name="loginFailWithPasswordNull" time="0.0">
    <ignored/>
  </testcase> <!-- loginFailWithPasswordNull -->
  <testcase classname="com.anhtester.Bai22_23_HamChung_WebUI_testcases.LoginTest" name="loginFailWithPasswordInvalid" time="0.0">
    <ignored/>
  </testcase> <!-- loginFailWithPasswordInvalid -->
  <testcase classname="com.anhtester.Bai22_23_HamChung_WebUI_testcases.LoginTest" name="loginFailWithEmailNullAndPasswordNull" time="0.0">
    <ignored/>
  </testcase> <!-- loginFailWithEmailNullAndPasswordNull -->
  <testcase classname="com.anhtester.Bai22_23_HamChung_WebUI_testcases.LoginTest" name="loginFailWithEmailInvalid" time="0.0">
    <ignored/>
  </testcase> <!-- loginFailWithEmailInvalid -->
</testsuite> <!-- Login Test with Parameters -->
